<?xml version="1.0" encoding="UTF-8"?>
<robot generator="Robot 6.1.1 (Python 3.12.1 on win32)" generated="20240110 13:26:49.081" rpa="false" schemaversion="4">
<suite id="s1" name="Suites" source="C:\Users\USER\Desktop\Practice-MobileAutomation\suites">
<suite id="s1-s1" name="loginSuite" source="C:\Users\USER\Desktop\Practice-MobileAutomation\suites\loginSuite.robot">
<test id="s1-s1-t1" name="User should be able to login with valid credentialss" line="10">
<kw name="Open Flight application" library="base" type="SETUP">
<kw name="Open Application" library="AppiumLibrary">
<arg>remote_url=${REMOTE_URL}</arg>
<arg>platformName=${PLATFORM_NAME}</arg>
<arg>platformVersion=${PLATFORM_VERSION}</arg>
<arg>deviceName=${DEVICE_NAME}</arg>
<arg>appPackage=${APP_PACKAGE}</arg>
<arg>appActivity=${APP_ACTIVITY}</arg>
<doc>Opens a new application to given Appium server.
Capabilities of appium server, Android and iOS,
Please check https://github.com/appium/appium/blob/master/docs/en/writing-running-appium/server-args.md
| *Option*            | *Man.* | *Description*     |
| remote_url          | Yes    | Appium server url |
| alias               | no     | alias             |
| strict_ssl          | No     | allows you to send commands to an invalid certificate host like a self-signed one. |</doc>
<status status="PASS" starttime="20240110 13:26:49.393" endtime="20240110 13:26:59.266"/>
</kw>
<status status="PASS" starttime="20240110 13:26:49.393" endtime="20240110 13:26:59.266"/>
</kw>
<kw name="Login valid credentials" library="loginPage">
<kw name="Verify Home Page appears" library="homePage">
<kw name="Wait Until Element Is Visible" library="AppiumLibrary">
<arg>${logo_homePage}</arg>
<doc>Waits until element specified with `locator` is visible.</doc>
<msg timestamp="20240110 13:27:01.016" level="INFO">xpath criteria: //android.widget.ImageView[@resource-id="com.example.myapplication:id/imageView4"]</msg>
<status status="PASS" starttime="20240110 13:26:59.276" endtime="20240110 13:27:01.016"/>
</kw>
<status status="PASS" starttime="20240110 13:26:59.275" endtime="20240110 13:27:01.016"/>
</kw>
<kw name="Click Sign In Button On Home Page" library="homePage">
<kw name="Wait Until Element Is Visible" library="AppiumLibrary">
<arg>${button_signin}</arg>
<doc>Waits until element specified with `locator` is visible.</doc>
<msg timestamp="20240110 13:27:01.143" level="INFO">xpath criteria: //android.widget.Button[@resource-id="com.example.myapplication:id/login"]</msg>
<status status="PASS" starttime="20240110 13:27:01.017" endtime="20240110 13:27:01.143"/>
</kw>
<kw name="Click Element" library="AppiumLibrary">
<arg>${button_signin}</arg>
<doc>Click element identified by `locator`.</doc>
<msg timestamp="20240110 13:27:01.145" level="INFO">Clicking element '//android.widget.Button[@resource-id="com.example.myapplication:id/login"]'.</msg>
<msg timestamp="20240110 13:27:01.346" level="INFO">xpath criteria: //android.widget.Button[@resource-id="com.example.myapplication:id/login"]</msg>
<status status="PASS" starttime="20240110 13:27:01.143" endtime="20240110 13:27:01.346"/>
</kw>
<status status="PASS" starttime="20240110 13:27:01.016" endtime="20240110 13:27:01.346"/>
</kw>
<kw name="Verify Login Appears" library="loginPage">
<kw name="Wait Until Element Is Visible" library="AppiumLibrary">
<arg>${input_email}</arg>
<doc>Waits until element specified with `locator` is visible.</doc>
<msg timestamp="20240110 13:27:02.520" level="INFO">xpath criteria: //android.widget.EditText[@resource-id="com.example.myapplication:id/username"]
xpath criteria: //android.widget.EditText[@resource-id="com.example.myapplication:id/username"]</msg>
<status status="PASS" starttime="20240110 13:27:01.347" endtime="20240110 13:27:02.520"/>
</kw>
<kw name="Wait Until Element Is Visible" library="AppiumLibrary">
<arg>${input_password}</arg>
<doc>Waits until element specified with `locator` is visible.</doc>
<msg timestamp="20240110 13:27:02.639" level="INFO">xpath criteria: //android.widget.EditText[@resource-id="com.example.myapplication:id/password"]</msg>
<status status="PASS" starttime="20240110 13:27:02.520" endtime="20240110 13:27:02.639"/>
</kw>
<kw name="Wait Until Element Is Visible" library="AppiumLibrary">
<arg>${button_signIn_loginPage}</arg>
<doc>Waits until element specified with `locator` is visible.</doc>
<msg timestamp="20240110 13:27:02.740" level="INFO">xpath criteria: //android.widget.Button[@resource-id="com.example.myapplication:id/signIn"]</msg>
<status status="PASS" starttime="20240110 13:27:02.640" endtime="20240110 13:27:02.740"/>
</kw>
<status status="PASS" starttime="20240110 13:27:01.346" endtime="20240110 13:27:02.740"/>
</kw>
<kw name="Input User Email On Login Page" library="loginPage">
<arg>${VALID_EMAIL}</arg>
<kw name="Input Text" library="AppiumLibrary">
<arg>${input_email}</arg>
<arg>${email}</arg>
<doc>Types the given `text` into text field identified by `locator`.</doc>
<msg timestamp="20240110 13:27:02.743" level="INFO">Typing text 'support@ngendigital.com' into text field '//android.widget.EditText[@resource-id="com.example.myapplication:id/username"]'</msg>
<msg timestamp="20240110 13:27:02.865" level="INFO">xpath criteria: //android.widget.EditText[@resource-id="com.example.myapplication:id/username"]</msg>
<status status="PASS" starttime="20240110 13:27:02.741" endtime="20240110 13:27:02.865"/>
</kw>
<status status="PASS" starttime="20240110 13:27:02.741" endtime="20240110 13:27:02.865"/>
</kw>
<kw name="Input User Password On Login Page" library="loginPage">
<arg>${VALID_PASSWORD}</arg>
<kw name="Input Text" library="AppiumLibrary">
<arg>${input_password}</arg>
<arg>${password}</arg>
<doc>Types the given `text` into text field identified by `locator`.</doc>
<msg timestamp="20240110 13:27:02.867" level="INFO">Typing text 'abc123' into text field '//android.widget.EditText[@resource-id="com.example.myapplication:id/password"]'</msg>
<msg timestamp="20240110 13:27:03.401" level="INFO">xpath criteria: //android.widget.EditText[@resource-id="com.example.myapplication:id/password"]</msg>
<status status="PASS" starttime="20240110 13:27:02.866" endtime="20240110 13:27:03.401"/>
</kw>
<status status="PASS" starttime="20240110 13:27:02.865" endtime="20240110 13:27:03.401"/>
</kw>
<kw name="Click Sign In Button On Login Page" library="loginPage">
<kw name="Click Element" library="AppiumLibrary">
<arg>${button_signIn_loginPage}</arg>
<doc>Click element identified by `locator`.</doc>
<msg timestamp="20240110 13:27:03.406" level="INFO">Clicking element '//android.widget.Button[@resource-id="com.example.myapplication:id/signIn"]'.</msg>
<msg timestamp="20240110 13:27:04.028" level="INFO">xpath criteria: //android.widget.Button[@resource-id="com.example.myapplication:id/signIn"]</msg>
<status status="PASS" starttime="20240110 13:27:03.402" endtime="20240110 13:27:04.028"/>
</kw>
<status status="PASS" starttime="20240110 13:27:03.402" endtime="20240110 13:27:04.028"/>
</kw>
<kw name="Verify User Is Logged In" library="homePage">
<kw name="Wait Until Element Is Visible" library="AppiumLibrary">
<arg>${userName_text}</arg>
<doc>Waits until element specified with `locator` is visible.</doc>
<msg timestamp="20240110 13:27:04.990" level="INFO">xpath criteria: //android.widget.TextView[@resource-id="com.example.myapplication:id/textView"]</msg>
<status status="PASS" starttime="20240110 13:27:04.029" endtime="20240110 13:27:04.990"/>
</kw>
<status status="PASS" starttime="20240110 13:27:04.028" endtime="20240110 13:27:04.990"/>
</kw>
<status status="PASS" starttime="20240110 13:26:59.275" endtime="20240110 13:27:04.990"/>
</kw>
<kw name="Close Flight Application" library="base" type="TEARDOWN">
<kw name="Close Application" library="AppiumLibrary">
<doc>Closes the current application and also close webdriver session.</doc>
<status status="PASS" starttime="20240110 13:27:04.991" endtime="20240110 13:27:05.935"/>
</kw>
<status status="PASS" starttime="20240110 13:27:04.991" endtime="20240110 13:27:05.935"/>
</kw>
<status status="PASS" starttime="20240110 13:26:49.392" endtime="20240110 13:27:05.940"/>
</test>
<test id="s1-s1-t2" name="User should not be able to login with invalid email" line="13">
<kw name="Open Flight application" library="base" type="SETUP">
<kw name="Open Application" library="AppiumLibrary">
<arg>remote_url=${REMOTE_URL}</arg>
<arg>platformName=${PLATFORM_NAME}</arg>
<arg>platformVersion=${PLATFORM_VERSION}</arg>
<arg>deviceName=${DEVICE_NAME}</arg>
<arg>appPackage=${APP_PACKAGE}</arg>
<arg>appActivity=${APP_ACTIVITY}</arg>
<doc>Opens a new application to given Appium server.
Capabilities of appium server, Android and iOS,
Please check https://github.com/appium/appium/blob/master/docs/en/writing-running-appium/server-args.md
| *Option*            | *Man.* | *Description*     |
| remote_url          | Yes    | Appium server url |
| alias               | no     | alias             |
| strict_ssl          | No     | allows you to send commands to an invalid certificate host like a self-signed one. |</doc>
<status status="PASS" starttime="20240110 13:27:05.943" endtime="20240110 13:27:17.758"/>
</kw>
<status status="PASS" starttime="20240110 13:27:05.943" endtime="20240110 13:27:17.758"/>
</kw>
<kw name="Login Invalid Email" library="loginPage">
<kw name="Verify Home Page appears" library="homePage">
<kw name="Wait Until Element Is Visible" library="AppiumLibrary">
<arg>${logo_homePage}</arg>
<doc>Waits until element specified with `locator` is visible.</doc>
<msg timestamp="20240110 13:27:19.250" level="INFO">xpath criteria: //android.widget.ImageView[@resource-id="com.example.myapplication:id/imageView4"]</msg>
<status status="PASS" starttime="20240110 13:27:17.762" endtime="20240110 13:27:19.250"/>
</kw>
<status status="PASS" starttime="20240110 13:27:17.762" endtime="20240110 13:27:19.250"/>
</kw>
<kw name="Click Sign In Button On Home Page" library="homePage">
<kw name="Wait Until Element Is Visible" library="AppiumLibrary">
<arg>${button_signin}</arg>
<doc>Waits until element specified with `locator` is visible.</doc>
<msg timestamp="20240110 13:27:19.376" level="INFO">xpath criteria: //android.widget.Button[@resource-id="com.example.myapplication:id/login"]</msg>
<status status="PASS" starttime="20240110 13:27:19.250" endtime="20240110 13:27:19.376"/>
</kw>
<kw name="Click Element" library="AppiumLibrary">
<arg>${button_signin}</arg>
<doc>Click element identified by `locator`.</doc>
<msg timestamp="20240110 13:27:19.379" level="INFO">Clicking element '//android.widget.Button[@resource-id="com.example.myapplication:id/login"]'.</msg>
<msg timestamp="20240110 13:27:19.571" level="INFO">xpath criteria: //android.widget.Button[@resource-id="com.example.myapplication:id/login"]</msg>
<status status="PASS" starttime="20240110 13:27:19.377" endtime="20240110 13:27:19.571"/>
</kw>
<status status="PASS" starttime="20240110 13:27:19.250" endtime="20240110 13:27:19.571"/>
</kw>
<kw name="Verify Login Appears" library="loginPage">
<kw name="Wait Until Element Is Visible" library="AppiumLibrary">
<arg>${input_email}</arg>
<doc>Waits until element specified with `locator` is visible.</doc>
<msg timestamp="20240110 13:27:20.731" level="INFO">xpath criteria: //android.widget.EditText[@resource-id="com.example.myapplication:id/username"]
xpath criteria: //android.widget.EditText[@resource-id="com.example.myapplication:id/username"]</msg>
<status status="PASS" starttime="20240110 13:27:19.572" endtime="20240110 13:27:20.731"/>
</kw>
<kw name="Wait Until Element Is Visible" library="AppiumLibrary">
<arg>${input_password}</arg>
<doc>Waits until element specified with `locator` is visible.</doc>
<msg timestamp="20240110 13:27:20.851" level="INFO">xpath criteria: //android.widget.EditText[@resource-id="com.example.myapplication:id/password"]</msg>
<status status="PASS" starttime="20240110 13:27:20.731" endtime="20240110 13:27:20.852"/>
</kw>
<kw name="Wait Until Element Is Visible" library="AppiumLibrary">
<arg>${button_signIn_loginPage}</arg>
<doc>Waits until element specified with `locator` is visible.</doc>
<msg timestamp="20240110 13:27:20.951" level="INFO">xpath criteria: //android.widget.Button[@resource-id="com.example.myapplication:id/signIn"]</msg>
<status status="PASS" starttime="20240110 13:27:20.852" endtime="20240110 13:27:20.951"/>
</kw>
<status status="PASS" starttime="20240110 13:27:19.571" endtime="20240110 13:27:20.951"/>
</kw>
<kw name="Input User Email On Login Page" library="loginPage">
<arg>${INVALID_EMAIL}</arg>
<kw name="Input Text" library="AppiumLibrary">
<arg>${input_email}</arg>
<arg>${email}</arg>
<doc>Types the given `text` into text field identified by `locator`.</doc>
<msg timestamp="20240110 13:27:20.953" level="INFO">Typing text 'supports@ngendigital.com' into text field '//android.widget.EditText[@resource-id="com.example.myapplication:id/username"]'</msg>
<msg timestamp="20240110 13:27:21.077" level="INFO">xpath criteria: //android.widget.EditText[@resource-id="com.example.myapplication:id/username"]</msg>
<status status="PASS" starttime="20240110 13:27:20.952" endtime="20240110 13:27:21.077"/>
</kw>
<status status="PASS" starttime="20240110 13:27:20.951" endtime="20240110 13:27:21.078"/>
</kw>
<kw name="Input User Password On Login Page" library="loginPage">
<arg>${VALID_PASSWORD}</arg>
<kw name="Input Text" library="AppiumLibrary">
<arg>${input_password}</arg>
<arg>${password}</arg>
<doc>Types the given `text` into text field identified by `locator`.</doc>
<msg timestamp="20240110 13:27:21.080" level="INFO">Typing text 'abc123' into text field '//android.widget.EditText[@resource-id="com.example.myapplication:id/password"]'</msg>
<msg timestamp="20240110 13:27:21.692" level="INFO">xpath criteria: //android.widget.EditText[@resource-id="com.example.myapplication:id/password"]</msg>
<status status="PASS" starttime="20240110 13:27:21.078" endtime="20240110 13:27:21.693"/>
</kw>
<status status="PASS" starttime="20240110 13:27:21.078" endtime="20240110 13:27:21.693"/>
</kw>
<kw name="Click Sign In Button On Login Page" library="loginPage">
<kw name="Click Element" library="AppiumLibrary">
<arg>${button_signIn_loginPage}</arg>
<doc>Click element identified by `locator`.</doc>
<msg timestamp="20240110 13:27:21.697" level="INFO">Clicking element '//android.widget.Button[@resource-id="com.example.myapplication:id/signIn"]'.</msg>
<msg timestamp="20240110 13:27:22.203" level="INFO">xpath criteria: //android.widget.Button[@resource-id="com.example.myapplication:id/signIn"]</msg>
<status status="PASS" starttime="20240110 13:27:21.693" endtime="20240110 13:27:22.203"/>
</kw>
<status status="PASS" starttime="20240110 13:27:21.693" endtime="20240110 13:27:22.203"/>
</kw>
<kw name="Notification Invalid Message" library="loginPage">
<kw name="Wait Until Page Contains" library="AppiumLibrary">
<arg>${Notification_Message}</arg>
<doc>Waits until `text` appears on current page.</doc>
<status status="PASS" starttime="20240110 13:27:22.204" endtime="20240110 13:27:22.612"/>
</kw>
<status status="PASS" starttime="20240110 13:27:22.203" endtime="20240110 13:27:22.612"/>
</kw>
<status status="PASS" starttime="20240110 13:27:17.762" endtime="20240110 13:27:22.612"/>
</kw>
<kw name="Close Flight Application" library="base" type="TEARDOWN">
<kw name="Close Application" library="AppiumLibrary">
<doc>Closes the current application and also close webdriver session.</doc>
<status status="PASS" starttime="20240110 13:27:22.617" endtime="20240110 13:27:24.338"/>
</kw>
<status status="PASS" starttime="20240110 13:27:22.616" endtime="20240110 13:27:24.338"/>
</kw>
<status status="PASS" starttime="20240110 13:27:05.942" endtime="20240110 13:27:24.338"/>
</test>
<test id="s1-s1-t3" name="User should not be able to login with invalid password" line="16">
<kw name="Open Flight application" library="base" type="SETUP">
<kw name="Open Application" library="AppiumLibrary">
<arg>remote_url=${REMOTE_URL}</arg>
<arg>platformName=${PLATFORM_NAME}</arg>
<arg>platformVersion=${PLATFORM_VERSION}</arg>
<arg>deviceName=${DEVICE_NAME}</arg>
<arg>appPackage=${APP_PACKAGE}</arg>
<arg>appActivity=${APP_ACTIVITY}</arg>
<doc>Opens a new application to given Appium server.
Capabilities of appium server, Android and iOS,
Please check https://github.com/appium/appium/blob/master/docs/en/writing-running-appium/server-args.md
| *Option*            | *Man.* | *Description*     |
| remote_url          | Yes    | Appium server url |
| alias               | no     | alias             |
| strict_ssl          | No     | allows you to send commands to an invalid certificate host like a self-signed one. |</doc>
<status status="PASS" starttime="20240110 13:27:24.341" endtime="20240110 13:27:32.688"/>
</kw>
<status status="PASS" starttime="20240110 13:27:24.341" endtime="20240110 13:27:32.688"/>
</kw>
<kw name="Login Invalid Password" library="loginPage">
<kw name="Verify Home Page appears" library="homePage">
<kw name="Wait Until Element Is Visible" library="AppiumLibrary">
<arg>${logo_homePage}</arg>
<doc>Waits until element specified with `locator` is visible.</doc>
<msg timestamp="20240110 13:27:34.139" level="INFO">xpath criteria: //android.widget.ImageView[@resource-id="com.example.myapplication:id/imageView4"]</msg>
<status status="PASS" starttime="20240110 13:27:32.690" endtime="20240110 13:27:34.139"/>
</kw>
<status status="PASS" starttime="20240110 13:27:32.689" endtime="20240110 13:27:34.139"/>
</kw>
<kw name="Click Sign In Button On Home Page" library="homePage">
<kw name="Wait Until Element Is Visible" library="AppiumLibrary">
<arg>${button_signin}</arg>
<doc>Waits until element specified with `locator` is visible.</doc>
<msg timestamp="20240110 13:27:34.270" level="INFO">xpath criteria: //android.widget.Button[@resource-id="com.example.myapplication:id/login"]</msg>
<status status="PASS" starttime="20240110 13:27:34.140" endtime="20240110 13:27:34.270"/>
</kw>
<kw name="Click Element" library="AppiumLibrary">
<arg>${button_signin}</arg>
<doc>Click element identified by `locator`.</doc>
<msg timestamp="20240110 13:27:34.273" level="INFO">Clicking element '//android.widget.Button[@resource-id="com.example.myapplication:id/login"]'.</msg>
<msg timestamp="20240110 13:27:34.411" level="INFO">xpath criteria: //android.widget.Button[@resource-id="com.example.myapplication:id/login"]</msg>
<status status="PASS" starttime="20240110 13:27:34.270" endtime="20240110 13:27:34.412"/>
</kw>
<status status="PASS" starttime="20240110 13:27:34.139" endtime="20240110 13:27:34.412"/>
</kw>
<kw name="Verify Login Appears" library="loginPage">
<kw name="Wait Until Element Is Visible" library="AppiumLibrary">
<arg>${input_email}</arg>
<doc>Waits until element specified with `locator` is visible.</doc>
<msg timestamp="20240110 13:27:35.641" level="INFO">xpath criteria: //android.widget.EditText[@resource-id="com.example.myapplication:id/username"]
xpath criteria: //android.widget.EditText[@resource-id="com.example.myapplication:id/username"]</msg>
<status status="PASS" starttime="20240110 13:27:34.412" endtime="20240110 13:27:35.641"/>
</kw>
<kw name="Wait Until Element Is Visible" library="AppiumLibrary">
<arg>${input_password}</arg>
<doc>Waits until element specified with `locator` is visible.</doc>
<msg timestamp="20240110 13:27:35.786" level="INFO">xpath criteria: //android.widget.EditText[@resource-id="com.example.myapplication:id/password"]</msg>
<status status="PASS" starttime="20240110 13:27:35.642" endtime="20240110 13:27:35.786"/>
</kw>
<kw name="Wait Until Element Is Visible" library="AppiumLibrary">
<arg>${button_signIn_loginPage}</arg>
<doc>Waits until element specified with `locator` is visible.</doc>
<msg timestamp="20240110 13:27:35.919" level="INFO">xpath criteria: //android.widget.Button[@resource-id="com.example.myapplication:id/signIn"]</msg>
<status status="PASS" starttime="20240110 13:27:35.786" endtime="20240110 13:27:35.919"/>
</kw>
<status status="PASS" starttime="20240110 13:27:34.412" endtime="20240110 13:27:35.919"/>
</kw>
<kw name="Input User Email On Login Page" library="loginPage">
<arg>${VALID_EMAIL}</arg>
<kw name="Input Text" library="AppiumLibrary">
<arg>${input_email}</arg>
<arg>${email}</arg>
<doc>Types the given `text` into text field identified by `locator`.</doc>
<msg timestamp="20240110 13:27:35.924" level="INFO">Typing text 'support@ngendigital.com' into text field '//android.widget.EditText[@resource-id="com.example.myapplication:id/username"]'</msg>
<msg timestamp="20240110 13:27:36.073" level="INFO">xpath criteria: //android.widget.EditText[@resource-id="com.example.myapplication:id/username"]</msg>
<status status="PASS" starttime="20240110 13:27:35.920" endtime="20240110 13:27:36.073"/>
</kw>
<status status="PASS" starttime="20240110 13:27:35.919" endtime="20240110 13:27:36.073"/>
</kw>
<kw name="Input User Password On Login Page" library="loginPage">
<arg>${INVALID_PASSWORD}</arg>
<kw name="Input Text" library="AppiumLibrary">
<arg>${input_password}</arg>
<arg>${password}</arg>
<doc>Types the given `text` into text field identified by `locator`.</doc>
<msg timestamp="20240110 13:27:36.077" level="INFO">Typing text 'abc12345' into text field '//android.widget.EditText[@resource-id="com.example.myapplication:id/password"]'</msg>
<msg timestamp="20240110 13:27:36.687" level="INFO">xpath criteria: //android.widget.EditText[@resource-id="com.example.myapplication:id/password"]</msg>
<status status="PASS" starttime="20240110 13:27:36.074" endtime="20240110 13:27:36.687"/>
</kw>
<status status="PASS" starttime="20240110 13:27:36.073" endtime="20240110 13:27:36.687"/>
</kw>
<kw name="Click Sign In Button On Login Page" library="loginPage">
<kw name="Click Element" library="AppiumLibrary">
<arg>${button_signIn_loginPage}</arg>
<doc>Click element identified by `locator`.</doc>
<msg timestamp="20240110 13:27:36.691" level="INFO">Clicking element '//android.widget.Button[@resource-id="com.example.myapplication:id/signIn"]'.</msg>
<msg timestamp="20240110 13:27:37.265" level="INFO">xpath criteria: //android.widget.Button[@resource-id="com.example.myapplication:id/signIn"]</msg>
<status status="PASS" starttime="20240110 13:27:36.688" endtime="20240110 13:27:37.265"/>
</kw>
<status status="PASS" starttime="20240110 13:27:36.687" endtime="20240110 13:27:37.265"/>
</kw>
<kw name="Notification Invalid Message" library="loginPage">
<kw name="Wait Until Page Contains" library="AppiumLibrary">
<arg>${Notification_Message}</arg>
<doc>Waits until `text` appears on current page.</doc>
<status status="PASS" starttime="20240110 13:27:37.266" endtime="20240110 13:27:37.528"/>
</kw>
<status status="PASS" starttime="20240110 13:27:37.266" endtime="20240110 13:27:37.528"/>
</kw>
<status status="PASS" starttime="20240110 13:27:32.689" endtime="20240110 13:27:37.529"/>
</kw>
<kw name="Close Flight Application" library="base" type="TEARDOWN">
<kw name="Close Application" library="AppiumLibrary">
<doc>Closes the current application and also close webdriver session.</doc>
<status status="PASS" starttime="20240110 13:27:37.530" endtime="20240110 13:27:39.167"/>
</kw>
<status status="PASS" starttime="20240110 13:27:37.530" endtime="20240110 13:27:39.167"/>
</kw>
<status status="PASS" starttime="20240110 13:27:24.340" endtime="20240110 13:27:39.168"/>
</test>
<test id="s1-s1-t4" name="User should not be able to login without email" line="19">
<kw name="Open Flight application" library="base" type="SETUP">
<kw name="Open Application" library="AppiumLibrary">
<arg>remote_url=${REMOTE_URL}</arg>
<arg>platformName=${PLATFORM_NAME}</arg>
<arg>platformVersion=${PLATFORM_VERSION}</arg>
<arg>deviceName=${DEVICE_NAME}</arg>
<arg>appPackage=${APP_PACKAGE}</arg>
<arg>appActivity=${APP_ACTIVITY}</arg>
<doc>Opens a new application to given Appium server.
Capabilities of appium server, Android and iOS,
Please check https://github.com/appium/appium/blob/master/docs/en/writing-running-appium/server-args.md
| *Option*            | *Man.* | *Description*     |
| remote_url          | Yes    | Appium server url |
| alias               | no     | alias             |
| strict_ssl          | No     | allows you to send commands to an invalid certificate host like a self-signed one. |</doc>
<status status="PASS" starttime="20240110 13:27:39.170" endtime="20240110 13:27:48.914"/>
</kw>
<status status="PASS" starttime="20240110 13:27:39.170" endtime="20240110 13:27:48.914"/>
</kw>
<kw name="Login Without Email" library="loginPage">
<kw name="Verify Home Page appears" library="homePage">
<kw name="Wait Until Element Is Visible" library="AppiumLibrary">
<arg>${logo_homePage}</arg>
<doc>Waits until element specified with `locator` is visible.</doc>
<msg timestamp="20240110 13:27:50.325" level="INFO">xpath criteria: //android.widget.ImageView[@resource-id="com.example.myapplication:id/imageView4"]</msg>
<status status="PASS" starttime="20240110 13:27:48.916" endtime="20240110 13:27:50.325"/>
</kw>
<status status="PASS" starttime="20240110 13:27:48.915" endtime="20240110 13:27:50.325"/>
</kw>
<kw name="Click Sign In Button On Home Page" library="homePage">
<kw name="Wait Until Element Is Visible" library="AppiumLibrary">
<arg>${button_signin}</arg>
<doc>Waits until element specified with `locator` is visible.</doc>
<msg timestamp="20240110 13:27:50.481" level="INFO">xpath criteria: //android.widget.Button[@resource-id="com.example.myapplication:id/login"]</msg>
<status status="PASS" starttime="20240110 13:27:50.326" endtime="20240110 13:27:50.481"/>
</kw>
<kw name="Click Element" library="AppiumLibrary">
<arg>${button_signin}</arg>
<doc>Click element identified by `locator`.</doc>
<msg timestamp="20240110 13:27:50.483" level="INFO">Clicking element '//android.widget.Button[@resource-id="com.example.myapplication:id/login"]'.</msg>
<msg timestamp="20240110 13:27:50.675" level="INFO">xpath criteria: //android.widget.Button[@resource-id="com.example.myapplication:id/login"]</msg>
<status status="PASS" starttime="20240110 13:27:50.481" endtime="20240110 13:27:50.675"/>
</kw>
<status status="PASS" starttime="20240110 13:27:50.325" endtime="20240110 13:27:50.675"/>
</kw>
<kw name="Verify Login Appears" library="loginPage">
<kw name="Wait Until Element Is Visible" library="AppiumLibrary">
<arg>${input_email}</arg>
<doc>Waits until element specified with `locator` is visible.</doc>
<msg timestamp="20240110 13:27:51.935" level="INFO">xpath criteria: //android.widget.EditText[@resource-id="com.example.myapplication:id/username"]
xpath criteria: //android.widget.EditText[@resource-id="com.example.myapplication:id/username"]</msg>
<status status="PASS" starttime="20240110 13:27:50.676" endtime="20240110 13:27:51.935"/>
</kw>
<kw name="Wait Until Element Is Visible" library="AppiumLibrary">
<arg>${input_password}</arg>
<doc>Waits until element specified with `locator` is visible.</doc>
<msg timestamp="20240110 13:27:52.051" level="INFO">xpath criteria: //android.widget.EditText[@resource-id="com.example.myapplication:id/password"]</msg>
<status status="PASS" starttime="20240110 13:27:51.935" endtime="20240110 13:27:52.051"/>
</kw>
<kw name="Wait Until Element Is Visible" library="AppiumLibrary">
<arg>${button_signIn_loginPage}</arg>
<doc>Waits until element specified with `locator` is visible.</doc>
<msg timestamp="20240110 13:27:52.168" level="INFO">xpath criteria: //android.widget.Button[@resource-id="com.example.myapplication:id/signIn"]</msg>
<status status="PASS" starttime="20240110 13:27:52.051" endtime="20240110 13:27:52.168"/>
</kw>
<status status="PASS" starttime="20240110 13:27:50.675" endtime="20240110 13:27:52.168"/>
</kw>
<kw name="Input User Email On Login Page" library="loginPage">
<arg>${INVALID1_EMAIL}</arg>
<kw name="Input Text" library="AppiumLibrary">
<arg>${input_email}</arg>
<arg>${email}</arg>
<doc>Types the given `text` into text field identified by `locator`.</doc>
<msg timestamp="20240110 13:27:52.172" level="INFO">Typing text '' into text field '//android.widget.EditText[@resource-id="com.example.myapplication:id/username"]'</msg>
<msg timestamp="20240110 13:27:52.300" level="INFO">xpath criteria: //android.widget.EditText[@resource-id="com.example.myapplication:id/username"]</msg>
<status status="PASS" starttime="20240110 13:27:52.169" endtime="20240110 13:27:52.300"/>
</kw>
<status status="PASS" starttime="20240110 13:27:52.168" endtime="20240110 13:27:52.300"/>
</kw>
<kw name="Input User Password On Login Page" library="loginPage">
<arg>${VALID_PASSWORD}</arg>
<kw name="Input Text" library="AppiumLibrary">
<arg>${input_password}</arg>
<arg>${password}</arg>
<doc>Types the given `text` into text field identified by `locator`.</doc>
<msg timestamp="20240110 13:27:52.304" level="INFO">Typing text 'abc123' into text field '//android.widget.EditText[@resource-id="com.example.myapplication:id/password"]'</msg>
<msg timestamp="20240110 13:27:52.900" level="INFO">xpath criteria: //android.widget.EditText[@resource-id="com.example.myapplication:id/password"]</msg>
<status status="PASS" starttime="20240110 13:27:52.301" endtime="20240110 13:27:52.900"/>
</kw>
<status status="PASS" starttime="20240110 13:27:52.300" endtime="20240110 13:27:52.900"/>
</kw>
<kw name="Click Sign In Button On Login Page" library="loginPage">
<kw name="Click Element" library="AppiumLibrary">
<arg>${button_signIn_loginPage}</arg>
<doc>Click element identified by `locator`.</doc>
<msg timestamp="20240110 13:27:52.903" level="INFO">Clicking element '//android.widget.Button[@resource-id="com.example.myapplication:id/signIn"]'.</msg>
<msg timestamp="20240110 13:27:53.515" level="INFO">xpath criteria: //android.widget.Button[@resource-id="com.example.myapplication:id/signIn"]</msg>
<status status="PASS" starttime="20240110 13:27:52.900" endtime="20240110 13:27:53.515"/>
</kw>
<status status="PASS" starttime="20240110 13:27:52.900" endtime="20240110 13:27:53.515"/>
</kw>
<kw name="Notification Invalid Message" library="loginPage">
<kw name="Wait Until Page Contains" library="AppiumLibrary">
<arg>${Notification_Message}</arg>
<doc>Waits until `text` appears on current page.</doc>
<status status="PASS" starttime="20240110 13:27:53.516" endtime="20240110 13:27:53.801"/>
</kw>
<status status="PASS" starttime="20240110 13:27:53.515" endtime="20240110 13:27:53.801"/>
</kw>
<status status="PASS" starttime="20240110 13:27:48.915" endtime="20240110 13:27:53.801"/>
</kw>
<kw name="Close Flight Application" library="base" type="TEARDOWN">
<kw name="Close Application" library="AppiumLibrary">
<doc>Closes the current application and also close webdriver session.</doc>
<status status="PASS" starttime="20240110 13:27:53.802" endtime="20240110 13:27:55.446"/>
</kw>
<status status="PASS" starttime="20240110 13:27:53.802" endtime="20240110 13:27:55.446"/>
</kw>
<status status="PASS" starttime="20240110 13:27:39.169" endtime="20240110 13:27:55.454"/>
</test>
<test id="s1-s1-t5" name="User should not be able to login without password" line="22">
<kw name="Open Flight application" library="base" type="SETUP">
<kw name="Open Application" library="AppiumLibrary">
<arg>remote_url=${REMOTE_URL}</arg>
<arg>platformName=${PLATFORM_NAME}</arg>
<arg>platformVersion=${PLATFORM_VERSION}</arg>
<arg>deviceName=${DEVICE_NAME}</arg>
<arg>appPackage=${APP_PACKAGE}</arg>
<arg>appActivity=${APP_ACTIVITY}</arg>
<doc>Opens a new application to given Appium server.
Capabilities of appium server, Android and iOS,
Please check https://github.com/appium/appium/blob/master/docs/en/writing-running-appium/server-args.md
| *Option*            | *Man.* | *Description*     |
| remote_url          | Yes    | Appium server url |
| alias               | no     | alias             |
| strict_ssl          | No     | allows you to send commands to an invalid certificate host like a self-signed one. |</doc>
<status status="PASS" starttime="20240110 13:27:55.459" endtime="20240110 13:28:03.815"/>
</kw>
<status status="PASS" starttime="20240110 13:27:55.457" endtime="20240110 13:28:03.815"/>
</kw>
<kw name="Login Without Password" library="loginPage">
<kw name="Verify Home Page appears" library="homePage">
<kw name="Wait Until Element Is Visible" library="AppiumLibrary">
<arg>${logo_homePage}</arg>
<doc>Waits until element specified with `locator` is visible.</doc>
<msg timestamp="20240110 13:28:05.427" level="INFO">xpath criteria: //android.widget.ImageView[@resource-id="com.example.myapplication:id/imageView4"]</msg>
<status status="PASS" starttime="20240110 13:28:03.817" endtime="20240110 13:28:05.428"/>
</kw>
<status status="PASS" starttime="20240110 13:28:03.817" endtime="20240110 13:28:05.428"/>
</kw>
<kw name="Click Sign In Button On Home Page" library="homePage">
<kw name="Wait Until Element Is Visible" library="AppiumLibrary">
<arg>${button_signin}</arg>
<doc>Waits until element specified with `locator` is visible.</doc>
<msg timestamp="20240110 13:28:05.542" level="INFO">xpath criteria: //android.widget.Button[@resource-id="com.example.myapplication:id/login"]</msg>
<status status="PASS" starttime="20240110 13:28:05.428" endtime="20240110 13:28:05.542"/>
</kw>
<kw name="Click Element" library="AppiumLibrary">
<arg>${button_signin}</arg>
<doc>Click element identified by `locator`.</doc>
<msg timestamp="20240110 13:28:05.544" level="INFO">Clicking element '//android.widget.Button[@resource-id="com.example.myapplication:id/login"]'.</msg>
<msg timestamp="20240110 13:28:05.684" level="INFO">xpath criteria: //android.widget.Button[@resource-id="com.example.myapplication:id/login"]</msg>
<status status="PASS" starttime="20240110 13:28:05.542" endtime="20240110 13:28:05.684"/>
</kw>
<status status="PASS" starttime="20240110 13:28:05.428" endtime="20240110 13:28:05.684"/>
</kw>
<kw name="Verify Login Appears" library="loginPage">
<kw name="Wait Until Element Is Visible" library="AppiumLibrary">
<arg>${input_email}</arg>
<doc>Waits until element specified with `locator` is visible.</doc>
<msg timestamp="20240110 13:28:06.881" level="INFO">xpath criteria: //android.widget.EditText[@resource-id="com.example.myapplication:id/username"]
xpath criteria: //android.widget.EditText[@resource-id="com.example.myapplication:id/username"]</msg>
<status status="PASS" starttime="20240110 13:28:05.685" endtime="20240110 13:28:06.881"/>
</kw>
<kw name="Wait Until Element Is Visible" library="AppiumLibrary">
<arg>${input_password}</arg>
<doc>Waits until element specified with `locator` is visible.</doc>
<msg timestamp="20240110 13:28:06.994" level="INFO">xpath criteria: //android.widget.EditText[@resource-id="com.example.myapplication:id/password"]</msg>
<status status="PASS" starttime="20240110 13:28:06.882" endtime="20240110 13:28:06.994"/>
</kw>
<kw name="Wait Until Element Is Visible" library="AppiumLibrary">
<arg>${button_signIn_loginPage}</arg>
<doc>Waits until element specified with `locator` is visible.</doc>
<msg timestamp="20240110 13:28:07.103" level="INFO">xpath criteria: //android.widget.Button[@resource-id="com.example.myapplication:id/signIn"]</msg>
<status status="PASS" starttime="20240110 13:28:06.994" endtime="20240110 13:28:07.103"/>
</kw>
<status status="PASS" starttime="20240110 13:28:05.684" endtime="20240110 13:28:07.103"/>
</kw>
<kw name="Input User Email On Login Page" library="loginPage">
<arg>${VALID_EMAIL}</arg>
<kw name="Input Text" library="AppiumLibrary">
<arg>${input_email}</arg>
<arg>${email}</arg>
<doc>Types the given `text` into text field identified by `locator`.</doc>
<msg timestamp="20240110 13:28:07.107" level="INFO">Typing text 'support@ngendigital.com' into text field '//android.widget.EditText[@resource-id="com.example.myapplication:id/username"]'</msg>
<msg timestamp="20240110 13:28:07.226" level="INFO">xpath criteria: //android.widget.EditText[@resource-id="com.example.myapplication:id/username"]</msg>
<status status="PASS" starttime="20240110 13:28:07.104" endtime="20240110 13:28:07.226"/>
</kw>
<status status="PASS" starttime="20240110 13:28:07.104" endtime="20240110 13:28:07.226"/>
</kw>
<kw name="Input User Password On Login Page" library="loginPage">
<arg>${INVALID1_PASSWORD}</arg>
<kw name="Input Text" library="AppiumLibrary">
<arg>${input_password}</arg>
<arg>${password}</arg>
<doc>Types the given `text` into text field identified by `locator`.</doc>
<msg timestamp="20240110 13:28:07.229" level="INFO">Typing text '' into text field '//android.widget.EditText[@resource-id="com.example.myapplication:id/password"]'</msg>
<msg timestamp="20240110 13:28:07.847" level="INFO">xpath criteria: //android.widget.EditText[@resource-id="com.example.myapplication:id/password"]</msg>
<status status="PASS" starttime="20240110 13:28:07.226" endtime="20240110 13:28:07.847"/>
</kw>
<status status="PASS" starttime="20240110 13:28:07.226" endtime="20240110 13:28:07.847"/>
</kw>
<kw name="Click Sign In Button On Login Page" library="loginPage">
<kw name="Click Element" library="AppiumLibrary">
<arg>${button_signIn_loginPage}</arg>
<doc>Click element identified by `locator`.</doc>
<msg timestamp="20240110 13:28:07.852" level="INFO">Clicking element '//android.widget.Button[@resource-id="com.example.myapplication:id/signIn"]'.</msg>
<msg timestamp="20240110 13:28:08.451" level="INFO">xpath criteria: //android.widget.Button[@resource-id="com.example.myapplication:id/signIn"]</msg>
<status status="PASS" starttime="20240110 13:28:07.848" endtime="20240110 13:28:08.451"/>
</kw>
<status status="PASS" starttime="20240110 13:28:07.847" endtime="20240110 13:28:08.451"/>
</kw>
<kw name="Notification Invalid Message" library="loginPage">
<kw name="Wait Until Page Contains" library="AppiumLibrary">
<arg>${Notification_Message}</arg>
<doc>Waits until `text` appears on current page.</doc>
<status status="PASS" starttime="20240110 13:28:08.452" endtime="20240110 13:28:09.177"/>
</kw>
<status status="PASS" starttime="20240110 13:28:08.451" endtime="20240110 13:28:09.177"/>
</kw>
<status status="PASS" starttime="20240110 13:28:03.816" endtime="20240110 13:28:09.177"/>
</kw>
<kw name="Close Flight Application" library="base" type="TEARDOWN">
<kw name="Close Application" library="AppiumLibrary">
<doc>Closes the current application and also close webdriver session.</doc>
<status status="PASS" starttime="20240110 13:28:09.180" endtime="20240110 13:28:10.586"/>
</kw>
<status status="PASS" starttime="20240110 13:28:09.179" endtime="20240110 13:28:10.586"/>
</kw>
<status status="PASS" starttime="20240110 13:27:55.455" endtime="20240110 13:28:10.588"/>
</test>
<test id="s1-s1-t6" name="User should not be able to login without email and password" line="25">
<kw name="Open Flight application" library="base" type="SETUP">
<kw name="Open Application" library="AppiumLibrary">
<arg>remote_url=${REMOTE_URL}</arg>
<arg>platformName=${PLATFORM_NAME}</arg>
<arg>platformVersion=${PLATFORM_VERSION}</arg>
<arg>deviceName=${DEVICE_NAME}</arg>
<arg>appPackage=${APP_PACKAGE}</arg>
<arg>appActivity=${APP_ACTIVITY}</arg>
<doc>Opens a new application to given Appium server.
Capabilities of appium server, Android and iOS,
Please check https://github.com/appium/appium/blob/master/docs/en/writing-running-appium/server-args.md
| *Option*            | *Man.* | *Description*     |
| remote_url          | Yes    | Appium server url |
| alias               | no     | alias             |
| strict_ssl          | No     | allows you to send commands to an invalid certificate host like a self-signed one. |</doc>
<status status="PASS" starttime="20240110 13:28:10.591" endtime="20240110 13:28:19.319"/>
</kw>
<status status="PASS" starttime="20240110 13:28:10.590" endtime="20240110 13:28:19.319"/>
</kw>
<kw name="Login Without Email and Password" library="loginPage">
<kw name="Verify Home Page appears" library="homePage">
<kw name="Wait Until Element Is Visible" library="AppiumLibrary">
<arg>${logo_homePage}</arg>
<doc>Waits until element specified with `locator` is visible.</doc>
<msg timestamp="20240110 13:28:20.805" level="INFO">xpath criteria: //android.widget.ImageView[@resource-id="com.example.myapplication:id/imageView4"]</msg>
<status status="PASS" starttime="20240110 13:28:19.320" endtime="20240110 13:28:20.805"/>
</kw>
<status status="PASS" starttime="20240110 13:28:19.320" endtime="20240110 13:28:20.805"/>
</kw>
<kw name="Click Sign In Button On Home Page" library="homePage">
<kw name="Wait Until Element Is Visible" library="AppiumLibrary">
<arg>${button_signin}</arg>
<doc>Waits until element specified with `locator` is visible.</doc>
<msg timestamp="20240110 13:28:20.946" level="INFO">xpath criteria: //android.widget.Button[@resource-id="com.example.myapplication:id/login"]</msg>
<status status="PASS" starttime="20240110 13:28:20.806" endtime="20240110 13:28:20.946"/>
</kw>
<kw name="Click Element" library="AppiumLibrary">
<arg>${button_signin}</arg>
<doc>Click element identified by `locator`.</doc>
<msg timestamp="20240110 13:28:20.949" level="INFO">Clicking element '//android.widget.Button[@resource-id="com.example.myapplication:id/login"]'.</msg>
<msg timestamp="20240110 13:28:21.084" level="INFO">xpath criteria: //android.widget.Button[@resource-id="com.example.myapplication:id/login"]</msg>
<status status="PASS" starttime="20240110 13:28:20.946" endtime="20240110 13:28:21.084"/>
</kw>
<status status="PASS" starttime="20240110 13:28:20.806" endtime="20240110 13:28:21.084"/>
</kw>
<kw name="Verify Login Appears" library="loginPage">
<kw name="Wait Until Element Is Visible" library="AppiumLibrary">
<arg>${input_email}</arg>
<doc>Waits until element specified with `locator` is visible.</doc>
<msg timestamp="20240110 13:28:22.216" level="INFO">xpath criteria: //android.widget.EditText[@resource-id="com.example.myapplication:id/username"]
xpath criteria: //android.widget.EditText[@resource-id="com.example.myapplication:id/username"]</msg>
<status status="PASS" starttime="20240110 13:28:21.085" endtime="20240110 13:28:22.216"/>
</kw>
<kw name="Wait Until Element Is Visible" library="AppiumLibrary">
<arg>${input_password}</arg>
<doc>Waits until element specified with `locator` is visible.</doc>
<msg timestamp="20240110 13:28:22.371" level="INFO">xpath criteria: //android.widget.EditText[@resource-id="com.example.myapplication:id/password"]</msg>
<status status="PASS" starttime="20240110 13:28:22.216" endtime="20240110 13:28:22.371"/>
</kw>
<kw name="Wait Until Element Is Visible" library="AppiumLibrary">
<arg>${button_signIn_loginPage}</arg>
<doc>Waits until element specified with `locator` is visible.</doc>
<msg timestamp="20240110 13:28:22.484" level="INFO">xpath criteria: //android.widget.Button[@resource-id="com.example.myapplication:id/signIn"]</msg>
<status status="PASS" starttime="20240110 13:28:22.371" endtime="20240110 13:28:22.484"/>
</kw>
<status status="PASS" starttime="20240110 13:28:21.084" endtime="20240110 13:28:22.484"/>
</kw>
<kw name="Input User Email On Login Page" library="loginPage">
<arg>${INVALID1_EMAIL}</arg>
<kw name="Input Text" library="AppiumLibrary">
<arg>${input_email}</arg>
<arg>${email}</arg>
<doc>Types the given `text` into text field identified by `locator`.</doc>
<msg timestamp="20240110 13:28:22.489" level="INFO">Typing text '' into text field '//android.widget.EditText[@resource-id="com.example.myapplication:id/username"]'</msg>
<msg timestamp="20240110 13:28:22.600" level="INFO">xpath criteria: //android.widget.EditText[@resource-id="com.example.myapplication:id/username"]</msg>
<status status="PASS" starttime="20240110 13:28:22.485" endtime="20240110 13:28:22.600"/>
</kw>
<status status="PASS" starttime="20240110 13:28:22.484" endtime="20240110 13:28:22.600"/>
</kw>
<kw name="Input User Password On Login Page" library="loginPage">
<arg>${INVALID1_PASSWORD}</arg>
<kw name="Input Text" library="AppiumLibrary">
<arg>${input_password}</arg>
<arg>${password}</arg>
<doc>Types the given `text` into text field identified by `locator`.</doc>
<msg timestamp="20240110 13:28:22.603" level="INFO">Typing text '' into text field '//android.widget.EditText[@resource-id="com.example.myapplication:id/password"]'</msg>
<msg timestamp="20240110 13:28:23.118" level="INFO">xpath criteria: //android.widget.EditText[@resource-id="com.example.myapplication:id/password"]</msg>
<status status="PASS" starttime="20240110 13:28:22.601" endtime="20240110 13:28:23.119"/>
</kw>
<status status="PASS" starttime="20240110 13:28:22.600" endtime="20240110 13:28:23.119"/>
</kw>
<kw name="Click Sign In Button On Login Page" library="loginPage">
<kw name="Click Element" library="AppiumLibrary">
<arg>${button_signIn_loginPage}</arg>
<doc>Click element identified by `locator`.</doc>
<msg timestamp="20240110 13:28:23.121" level="INFO">Clicking element '//android.widget.Button[@resource-id="com.example.myapplication:id/signIn"]'.</msg>
<msg timestamp="20240110 13:28:23.633" level="INFO">xpath criteria: //android.widget.Button[@resource-id="com.example.myapplication:id/signIn"]</msg>
<status status="PASS" starttime="20240110 13:28:23.119" endtime="20240110 13:28:23.633"/>
</kw>
<status status="PASS" starttime="20240110 13:28:23.119" endtime="20240110 13:28:23.633"/>
</kw>
<kw name="Notification Invalid Message" library="loginPage">
<kw name="Wait Until Page Contains" library="AppiumLibrary">
<arg>${Notification_Message}</arg>
<doc>Waits until `text` appears on current page.</doc>
<status status="PASS" starttime="20240110 13:28:23.634" endtime="20240110 13:28:23.834"/>
</kw>
<status status="PASS" starttime="20240110 13:28:23.633" endtime="20240110 13:28:23.835"/>
</kw>
<status status="PASS" starttime="20240110 13:28:19.320" endtime="20240110 13:28:23.835"/>
</kw>
<kw name="Close Flight Application" library="base" type="TEARDOWN">
<kw name="Close Application" library="AppiumLibrary">
<doc>Closes the current application and also close webdriver session.</doc>
<status status="PASS" starttime="20240110 13:28:23.836" endtime="20240110 13:28:24.930"/>
</kw>
<status status="PASS" starttime="20240110 13:28:23.835" endtime="20240110 13:28:24.930"/>
</kw>
<status status="PASS" starttime="20240110 13:28:10.589" endtime="20240110 13:28:24.931"/>
</test>
<status status="PASS" starttime="20240110 13:26:49.112" endtime="20240110 13:28:24.933"/>
</suite>
<status status="PASS" starttime="20240110 13:26:49.083" endtime="20240110 13:28:24.935"/>
</suite>
<statistics>
<total>
<stat pass="6" fail="0" skip="0">All Tests</stat>
</total>
<tag>
</tag>
<suite>
<stat pass="6" fail="0" skip="0" id="s1" name="Suites">Suites</stat>
<stat pass="6" fail="0" skip="0" id="s1-s1" name="loginSuite">Suites.loginSuite</stat>
</suite>
</statistics>
<errors>
</errors>
</robot>
